======================================================================
XGBoost 모델 학습 결과
======================================================================

훈련 데이터: (10114, 3)
테스트 데이터: (1556, 3)
훈련 정확도: 0.8338
테스트 정확도: 0.9647

======================================================================
분류 보고서
======================================================================
              precision    recall  f1-score   support

        40Hz       0.99      0.99      0.99       769
        50Hz       1.00      0.12      0.22        40
        60Hz       0.94      0.99      0.96       747

    accuracy                           0.96      1556
   macro avg       0.98      0.70      0.72      1556
weighted avg       0.97      0.96      0.96      1556

======================================================================
클래스별 상세 지표
======================================================================
클래스        Accuracy     Precision    Recall       F1-Score    
------------------------------------------------------------
40Hz       0.9857       0.9883       0.9857       0.9870      
50Hz       0.1250       1.0000       0.1250       0.2222      
60Hz       0.9880       0.9413       0.9880       0.9641      
