======================================================================
XGBoost 모델 학습 결과
======================================================================

훈련 데이터: (3648, 3)
테스트 데이터: (384, 3)
훈련 정확도: 0.8586
테스트 정확도: 0.9167

======================================================================
분류 보고서
======================================================================
              precision    recall  f1-score   support

        40Hz       1.00      1.00      1.00       192
        50Hz       0.33      0.14      0.20        28
        60Hz       0.87      0.95      0.91       164

    accuracy                           0.92       384
   macro avg       0.73      0.70      0.70       384
weighted avg       0.89      0.92      0.90       384

======================================================================
클래스별 상세 지표
======================================================================
클래스        Accuracy     Precision    Recall       F1-Score    
------------------------------------------------------------
40Hz       1.0000       1.0000       1.0000       1.0000      
50Hz       0.1429       0.3333       0.1429       0.2000      
60Hz       0.9512       0.8667       0.9512       0.9070      
