/Users/seohyeon/AT_freq_tuning/freq_tuning_rf/rf_1024/visualization.py:83: UserWarning: Glyph 53364 (\N{HANGUL SYLLABLE KEUL}) missing from font(s) DejaVu Sans.
  plt.tight_layout()
/Users/seohyeon/AT_freq_tuning/freq_tuning_rf/rf_1024/visualization.py:83: UserWarning: Glyph 47000 (\N{HANGUL SYLLABLE RAE}) missing from font(s) DejaVu Sans.
  plt.tight_layout()
/Users/seohyeon/AT_freq_tuning/freq_tuning_rf/rf_1024/visualization.py:83: UserWarning: Glyph 49828 (\N{HANGUL SYLLABLE SEU}) missing from font(s) DejaVu Sans.
  plt.tight_layout()
/Users/seohyeon/AT_freq_tuning/freq_tuning_rf/rf_1024/visualization.py:83: UserWarning: Glyph 48324 (\N{HANGUL SYLLABLE BYEOL}) missing from font(s) DejaVu Sans.
  plt.tight_layout()
/Users/seohyeon/AT_freq_tuning/freq_tuning_rf/rf_1024/visualization.py:83: UserWarning: Glyph 48516 (\N{HANGUL SYLLABLE BUN}) missing from font(s) DejaVu Sans.
  plt.tight_layout()
/Users/seohyeon/AT_freq_tuning/freq_tuning_rf/rf_1024/visualization.py:83: UserWarning: Glyph 47448 (\N{HANGUL SYLLABLE RYU}) missing from font(s) DejaVu Sans.
  plt.tight_layout()
/Users/seohyeon/AT_freq_tuning/freq_tuning_rf/rf_1024/visualization.py:83: UserWarning: Glyph 49457 (\N{HANGUL SYLLABLE SEONG}) missing from font(s) DejaVu Sans.
  plt.tight_layout()
/Users/seohyeon/AT_freq_tuning/freq_tuning_rf/rf_1024/visualization.py:83: UserWarning: Glyph 45733 (\N{HANGUL SYLLABLE NEUNG}) missing from font(s) DejaVu Sans.
  plt.tight_layout()
/Users/seohyeon/AT_freq_tuning/freq_tuning_rf/rf_1024/visualization.py:85: UserWarning: Glyph 53364 (\N{HANGUL SYLLABLE KEUL}) missing from font(s) DejaVu Sans.
  plt.savefig(output_path, dpi=300, bbox_inches='tight')
/Users/seohyeon/AT_freq_tuning/freq_tuning_rf/rf_1024/visualization.py:85: UserWarning: Glyph 47000 (\N{HANGUL SYLLABLE RAE}) missing from font(s) DejaVu Sans.
  plt.savefig(output_path, dpi=300, bbox_inches='tight')
/Users/seohyeon/AT_freq_tuning/freq_tuning_rf/rf_1024/visualization.py:85: UserWarning: Glyph 49828 (\N{HANGUL SYLLABLE SEU}) missing from font(s) DejaVu Sans.
  plt.savefig(output_path, dpi=300, bbox_inches='tight')
/Users/seohyeon/AT_freq_tuning/freq_tuning_rf/rf_1024/visualization.py:85: UserWarning: Glyph 48324 (\N{HANGUL SYLLABLE BYEOL}) missing from font(s) DejaVu Sans.
  plt.savefig(output_path, dpi=300, bbox_inches='tight')
/Users/seohyeon/AT_freq_tuning/freq_tuning_rf/rf_1024/visualization.py:85: UserWarning: Glyph 48516 (\N{HANGUL SYLLABLE BUN}) missing from font(s) DejaVu Sans.
  plt.savefig(output_path, dpi=300, bbox_inches='tight')
/Users/seohyeon/AT_freq_tuning/freq_tuning_rf/rf_1024/visualization.py:85: UserWarning: Glyph 47448 (\N{HANGUL SYLLABLE RYU}) missing from font(s) DejaVu Sans.
  plt.savefig(output_path, dpi=300, bbox_inches='tight')
/Users/seohyeon/AT_freq_tuning/freq_tuning_rf/rf_1024/visualization.py:85: UserWarning: Glyph 49457 (\N{HANGUL SYLLABLE SEONG}) missing from font(s) DejaVu Sans.
  plt.savefig(output_path, dpi=300, bbox_inches='tight')
/Users/seohyeon/AT_freq_tuning/freq_tuning_rf/rf_1024/visualization.py:85: UserWarning: Glyph 45733 (\N{HANGUL SYLLABLE NEUNG}) missing from font(s) DejaVu Sans.
  plt.savefig(output_path, dpi=300, bbox_inches='tight')
======================================================================
데이터셋 생성 중...
======================================================================
경고: 일부 클래스의 파일이 2개 미만이어서 Random Split 사용합니다 (최소값: 0)
[단계 1] 원본 훈련 데이터 수집 중...

[증강 전 훈련 레이블 분포]
  클래스 0 (40Hz): 1976 샘플
  클래스 1 (50Hz): 48 샘플
  클래스 2 (60Hz): 692 샘플

[클래스별 증강 배수 (모두 최대값으로 정렬)]
  클래스 0 (40Hz): 1.00배
  클래스 1 (50Hz): 41.17배
  클래스 2 (60Hz): 2.86배

[단계 2] SNR 기반 클래스별 균등 증강 중...
  클래스 0 (40Hz): 0개 파일 증강
  클래스 2 (60Hz): 6개 파일 증강

[단계 3] 테스트 데이터 수집 중...

[증강 후 최종 훈련 레이블 분포]
  클래스 0 (40Hz): 4082 샘플 (24.5%)
  클래스 1 (50Hz): 544 샘플 (3.3%)
  클래스 2 (60Hz): 12058 샘플 (72.3%)

[테스트 레이블 분포]
  클래스 0 (40Hz): 387 샘플 (49.9%)
  클래스 1 (50Hz): 70 샘플 (9.0%)
  클래스 2 (60Hz): 319 샘플 (41.1%)

✓ 훈련 데이터: (16684, 3), 테스트 데이터: (776, 3)

======================================================================
RandomForest 모델 학습
======================================================================

모델 학습 중...

✓ 훈련 정확도: 0.8660
✓ 테스트 정확도: 0.9098

======================================================================
분류 보고서
======================================================================
              precision    recall  f1-score   support

        40Hz       1.00      1.00      1.00       387
        50Hz       0.51      0.26      0.34        70
        60Hz       0.85      0.94      0.90       319
    accuracy                           0.91       776
   macro avg       0.79      0.73      0.75       776
weighted avg       0.89      0.91      0.90       776

======================================================================
SNR별 성능 분석
======================================================================
SNR 메타데이터 없음 (테스트 셋에 증강 데이터 미포함)

======================================================================
시각화 생성 중...
======================================================================
혼동 행렬 저장: /Users/seohyeon/AT_freq_tuning/freq_tuning_rf/rf_1024/preprocessed_data/confusion_matrix.png
클래스 성능 그래프 저장: /Users/seohyeon/AT_freq_tuning/freq_tuning_rf/rf_1024/preprocessed_data/class_performance.png
통합 성능 분석 그래프 저장: /Users/seohyeon/AT_freq_tuning/freq_tuning_rf/rf_1024/preprocessed_data/combined_performance.png

✓ 모델 저장: /Users/seohyeon/AT_freq_tuning/freq_tuning_rf/rf_1024/model_results/rf_model.pkl
✓ 특징 중요도 저장: /Users/seohyeon/AT_freq_tuning/freq_tuning_rf/rf_1024/preprocessed_data/feature_importance.txt
✓ 결과 저장: /Users/seohyeon/AT_freq_tuning/freq_tuning_rf/rf_1024/preprocessed_data/training_results.txt

