[증강 전 훈련 레이블 분포]
  클래스 0 (40Hz): 1976 샘플
  클래스 1 (50Hz): 48 샘플
  클래스 2 (60Hz): 692 샘플

[클래스별 증강 배수 (모두 최대값으로 정렬)]
  클래스 0 (40Hz): 1.00배
  클래스 1 (50Hz): 41.17배
  클래스 2 (60Hz): 2.86배

[단계 2] SNR 기반 클래스별 균등 증강 중...
  클래스 0 (40Hz): 0개 파일 증강
  클래스 2 (60Hz): 6개 파일 증강

[단계 3] 테스트 데이터 수집 중...

[증강 후 최종 훈련 레이블 분포]
  클래스 0 (40Hz): 4179 샘플 (25.0%)
  클래스 1 (50Hz): 549 샘플 (3.3%)
  클래스 2 (60Hz): 11956 샘플 (71.7%)

[테스트 레이블 분포]
  클래스 0 (40Hz): 387 샘플 (49.9%)
  클래스 1 (50Hz): 70 샘플 (9.0%)
  클래스 2 (60Hz): 319 샘플 (41.1%)

✓ 훈련 데이터: (16684, 3), 테스트 데이터: (776, 3)
