======================================================================
XGBoost 모델 학습 결과
======================================================================

훈련 데이터: (6208, 3)
테스트 데이터: (776, 3)
훈련 정확도: 0.8455
테스트 정확도: 0.9201

======================================================================
분류 보고서
======================================================================
              precision    recall  f1-score   support

        40Hz       1.00      1.00      1.00       387
        50Hz       0.71      0.21      0.33        70
        60Hz       0.85      0.98      0.91       319

    accuracy                           0.92       776
   macro avg       0.85      0.73      0.75       776
weighted avg       0.91      0.92      0.90       776

======================================================================
클래스별 상세 지표
======================================================================
클래스        Accuracy     Precision    Recall       F1-Score    
------------------------------------------------------------
40Hz       1.0000       0.9974       1.0000       0.9987      
50Hz       0.2143       0.7143       0.2143       0.3297      
60Hz       0.9781       0.8501       0.9781       0.9096      
